Arguments: 
  C:\Program Files\nodejs\node.exe C:\Users\Simon\AppData\Roaming\npm\node_modules\yarn\bin\yarn.js init

PATH: 
  C:\Users\Simon\bin;C:\Program Files\Git\mingw64\bin;C:\Program Files\Git\usr\local\bin;C:\Program Files\Git\usr\bin;C:\Program Files\Git\usr\bin;C:\Program Files\Git\mingw64\bin;C:\Program Files\Git\usr\bin;C:\Users\Simon\bin;C:\Python27;C:\Python27\Scripts;D:\Program Files\Genymobile\Genymotion\tools;D:\Python37\Scripts;D:\Python37;C:\Program Files (x86)\Common Files\Oracle\Java\javapath;C:\WINDOWS\system32;C:\WINDOWS;C:\WINDOWS\System32\Wbem;C:\WINDOWS\System32\WindowsPowerShell\v1.0;C:\WINDOWS\System32\OpenSSH;C:\Program Files\PuTTY;C:\Program Files\Git\cmd;C:\Users\Simon\AppData\Local\Android\Sdk\platform-tools;C:\Users\Simon\AppData\Local\Android\Sdk\tools;C:\Users\Simon\AppData\Roaming\npm;C:\Program Files\dotnet;C:\Program Files\Microsoft SQL Server\130\Tools\Binn;C:\Program Files\Microsoft SQL Server\Client SDK\ODBC\170\Tools\Binn;D:\Python37;C:\Python27amd64;C:\Users\Simon\.android\avd;D:\Program Files\Amazon\AWSCLI;C:\Program Files\nodejs;C:\ProgramData\chocolatey\bin;D:\Program Files\Genymobile\Genymotion\tools;C:\Program Files\MySQL\MySQL Shell 8.0\bin;C:\Users\Simon\AppData\Local\Android\Sdk;C:\Program Files\Java\jdk-12.0.1;C:\Program Files\Java\jdk-12.0.1\platform-tools;D:\Python37;C:\Python27amd64;C:\Users\Simon\AppData\Local\atom\bin;C:\Users\Simon\.android\avd;D:\Users\Simon\AppData\Local\Programs\Microsoft VS Code\bin;C:\Users\Simon\AppData\Roaming\npm;C:\Program Files\Git\usr\bin\vendor_perl;C:\Program Files\Git\usr\bin\core_perl

Yarn version: 
  1.16.0

Node version: 
  12.13.0

Platform: 
  win32 x64

Trace: 
  Error: Can't answer a question unless a user TTY
      at ConsoleReporter.question (C:\Users\Simon\AppData\Roaming\npm\node_modules\yarn\lib\cli.js:96033:59)
      at Object.<anonymous> (C:\Users\Simon\AppData\Roaming\npm\node_modules\yarn\lib\cli.js:88394:38)
      at Generator.next (<anonymous>)
      at step (C:\Users\Simon\AppData\Roaming\npm\node_modules\yarn\lib\cli.js:304:30)
      at C:\Users\Simon\AppData\Roaming\npm\node_modules\yarn\lib\cli.js:315:13

npm manifest: 
  No manifest

yarn manifest: 
  No manifest

Lockfile: 
  No lockfile
